<?xml version="1.0" encoding="UTF-8"?>
<testsuite xmlns:xsi="http://www.w3.org/2001/XMLSchema-instance" xsi:noNamespaceSchemaLocation="https://maven.apache.org/surefire/maven-surefire-plugin/xsd/surefire-test-report-3.0.xsd" version="3.0" name="br.com.fiap.lanchonete.produto.domain.usecases.ProdutoDomainUseCaseTest" time="0.188" tests="10" errors="0" skipped="0" failures="0">
  <properties>
[...]
</properties>
  <testcase name="deve criar produto" classname="br.com.fiap.lanchonete.produto.domain.usecases.ProdutoDomainUseCaseTest" time="0.118"/>
  <testcase name="getByCategoria com produtos existentes deve retornar lista de DTOs" classname="br.com.fiap.lanchonete.produto.domain.usecases.ProdutoDomainUseCaseTest" time="0.003"/>
  <testcase name="deve lancar excecao ao tentar alterar imagens de um produto inexistente" classname="br.com.fiap.lanchonete.produto.domain.usecases.ProdutoDomainUseCaseTest" time="0.023"/>
  <testcase name="atualizar produto nao existente deve lancar excecao" classname="br.com.fiap.lanchonete.produto.domain.usecases.ProdutoDomainUseCaseTest" time="0.004"/>
  <testcase name="getByCategoria com categoria nao encontrada deve lancar excecao" classname="br.com.fiap.lanchonete.produto.domain.usecases.ProdutoDomainUseCaseTest" time="0.008"/>
  <testcase name="deletar produto existente deve ter sucesso" classname="br.com.fiap.lanchonete.produto.domain.usecases.ProdutoDomainUseCaseTest" time="0.004"/>
  <testcase name="deve pegar produto" classname="br.com.fiap.lanchonete.produto.domain.usecases.ProdutoDomainUseCaseTest" time="0.012"/>
  <testcase name="deletar produto nao existente deve lancar excecao" classname="br.com.fiap.lanchonete.produto.domain.usecases.ProdutoDomainUseCaseTest" time="0.004"/>
  <testcase name="deve alterar imagens do produto existente" classname="br.com.fiap.lanchonete.produto.domain.usecases.ProdutoDomainUseCaseTest" time="0.002"/>
  <testcase name="atualizar produto existente deve ter sucesso" classname="br.com.fiap.lanchonete.produto.domain.usecases.ProdutoDomainUseCaseTest" time="0.002"/>
</testsuite>